<?xml version="1.0" encoding="UTF-8"?>
<beans xmlns="http://www.springframework.org/schema/beans"
       xmlns:xsi="http://www.w3.org/2001/XMLSchema-instance"
       xmlns:context="http://www.springframework.org/schema/context"
       xmlns:tx="http://www.springframework.org/schema/tx"
       xmlns:aop="http://www.springframework.org/schema/aop"
       xsi:schemaLocation="http://www.springframework.org/schema/beans
                           http://www.springframework.org/schema/beans/spring-beans.xsd
                           http://www.springframework.org/schema/mvc
                           http://www.springframework.org/schema/mvc/spring-mvc.xsd
                           http://www.springframework.org/schema/tx 
                           http://www.springframework.org/schema/tx/spring-tx-3.0.xsd
                           http://www.springframework.org/schema/context
                           http://www.springframework.org/schema/context/spring-context.xsd
       http://www.springframework.org/schema/aop http://www.springframework.org/schema/aop/spring-aop-3.2.xsd"> 

    <!-- Bean definitions go here -->
    
    <tx:annotation-driven/>
    
    <bean id="dataSource" class="org.apache.commons.dbcp.BasicDataSource">
        <property name="driverClassName" value="com.mysql.jdbc.Driver"/>
        <property name="url" value="jdbc:mysql://localhost:3306/Capstone_Sea_Legs_Nautical_Academy_Test"/>
        <property name="username" value="root"/>
        <property name="password" value="apprentice"/>
        <property name="initialSize" value="5"/>
        <property name="maxActive" value="10"/>
    </bean>
        
    <bean id="transactionManager" class="org.springframework.jdbc.datasource.DataSourceTransactionManager">
        <property name="dataSource" ref="dataSource"/>
    </bean>
    <bean id="jdbcTemplate" class="org.springframework.jdbc.core.JdbcTemplate">
        <property name="dataSource" ref="dataSource"/>
    </bean>
    
    <bean id="pdao" class="com.swcguild.kfdmasteryproject.dao.PostImpl">
        <property name="jdbcTemplate" ref="jdbcTemplate"/>
    </bean>
    <bean id="sp" class="com.swcguild.kfdmasteryproject.dao.StaticPageImpl">
        <property name="jdbcTemplate" ref="jdbcTemplate"/>
    </bean>
    <!--ADDED 8/9-->
    <bean id="com" class="com.swcguild.kfdmasteryproject.dao.CommentImpl">
        <property name="jdbcTemplate" ref="jdbcTemplate"/>
    </bean>
    <bean id="cat" class="com.swcguild.kfdmasteryproject.dao.CategoryTagImpl">
        <property name="jdbcTemplate" ref="jdbcTemplate"/>
    </bean>
    
    <!--ADDED 8/13-->
    <bean id="people" class="com.swcguild.kfdmasteryproject.dao.PeopleImpl">
        <property name="jdbcTemplate" ref="jdbcTemplate"/>
    </bean> 
    <bean id="multipartResolver"
          class="org.springframework.web.multipart.commons.CommonsMultipartResolver">
        <!-- one of the properties available; the maximum file size in bytes -->
        <property name="maxUploadSize" value="500000"/>
    </bean>
</beans>
